<?xml version="1.0" encoding="UTF-8"?>
<testsuite name="common.UtilsTest" tests="2" skipped="0" failures="0" errors="0" timestamp="2018-02-25T06:51:23" hostname="betterfly.local" time="0.013">
  <properties/>
  <testcase name="String_to_Double_Parsing" classname="common.UtilsTest" time="0.0"/>
  <testcase name="String_split_addArray" classname="common.UtilsTest" time="0.012"/>
  <system-out><![CDATA[initialized...
initialized...
]]></system-out>
  <system-err><![CDATA[]]></system-err>
</testsuite>
