<?xml version="1.0" encoding="UTF-8"?>
<testsuite name="controller.StringCalculatorControllerTest" tests="1" skipped="0" failures="0" errors="0" timestamp="2018-02-25T06:51:23" hostname="betterfly.local" time="0.001">
  <properties/>
  <testcase name="순서대로_연산" classname="controller.StringCalculatorControllerTest" time="0.001"/>
  <system-out><![CDATA[]]></system-out>
  <system-err><![CDATA[]]></system-err>
</testsuite>
